-------------------------------------------------------------------------------
Test set: TestSuite
-------------------------------------------------------------------------------
Tests run: 5, Failures: 5, Errors: 0, Skipped: 0, Time elapsed: 152.056 sec <<< FAILURE!
testInvalidAccount(test.java.practiceWeek2_1.LoginTests)  Time elapsed: 20.572 sec  <<< FAILURE!
org.openqa.selenium.TimeoutException: Timed out after 20 seconds waiting for visibility of Proxy element for: DefaultElementLocator 'By.cssSelector: .s-login-login > input'
Build info: version: '2.53.0', revision: '35ae25b1534ae328c771e0856c93e187490ca824', time: '2016-03-15 10:43:46'
System info: host: 'DESKTOP-KTO6IU8', ip: '192.168.1.6', os.name: 'Windows 10', os.arch: 'amd64', os.version: '10.0', java.version: '1.8.0_111'
Driver info: org.openqa.selenium.firefox.FirefoxDriver
Capabilities [{applicationCacheEnabled=true, rotatable=false, handlesAlerts=true, databaseEnabled=true, version=45.0.2, platform=WINDOWS, nativeEvents=false, acceptSslCerts=true, webStorageEnabled=true, locationContextEnabled=true, browserName=firefox, takesScreenshot=true, javascriptEnabled=true, cssSelectorsEnabled=true}]
Session ID: a13bb49e-a023-4dd3-9c17-e1337f6fba90
	at <anonymous class>.FirefoxDriver.prototype.findElementInternal_(file:///C:/Users/Abraham/AppData/Local/Temp/anonymous7532508304595431804webdriver-profile/extensions/fxdriver@googlecode.com/components/driver-component.js:10770)
	at <anonymous class>.FirefoxDriver.prototype.findElement(file:///C:/Users/Abraham/AppData/Local/Temp/anonymous7532508304595431804webdriver-profile/extensions/fxdriver@googlecode.com/components/driver-component.js:10779)
	at <anonymous class>.DelayedCommand.prototype.executeInternal_/h(file:///C:/Users/Abraham/AppData/Local/Temp/anonymous7532508304595431804webdriver-profile/extensions/fxdriver@googlecode.com/components/command-processor.js:12661)
	at <anonymous class>.DelayedCommand.prototype.executeInternal_(file:///C:/Users/Abraham/AppData/Local/Temp/anonymous7532508304595431804webdriver-profile/extensions/fxdriver@googlecode.com/components/command-processor.js:12666)
	at <anonymous class>.DelayedCommand.prototype.execute/<(file:///C:/Users/Abraham/AppData/Local/Temp/anonymous7532508304595431804webdriver-profile/extensions/fxdriver@googlecode.com/components/command-processor.js:12608)

testInvalidEmail(test.java.practiceWeek2_1.LoginTests)  Time elapsed: 20.522 sec  <<< FAILURE!
org.openqa.selenium.TimeoutException: Timed out after 20 seconds waiting for visibility of Proxy element for: DefaultElementLocator 'By.cssSelector: .s-login-login > input'
Build info: version: '2.53.0', revision: '35ae25b1534ae328c771e0856c93e187490ca824', time: '2016-03-15 10:43:46'
System info: host: 'DESKTOP-KTO6IU8', ip: '192.168.1.6', os.name: 'Windows 10', os.arch: 'amd64', os.version: '10.0', java.version: '1.8.0_111'
Driver info: org.openqa.selenium.firefox.FirefoxDriver
Capabilities [{applicationCacheEnabled=true, rotatable=false, handlesAlerts=true, databaseEnabled=true, version=45.0.2, platform=WINDOWS, nativeEvents=false, acceptSslCerts=true, webStorageEnabled=true, locationContextEnabled=true, browserName=firefox, takesScreenshot=true, javascriptEnabled=true, cssSelectorsEnabled=true}]
Session ID: a13bb49e-a023-4dd3-9c17-e1337f6fba90
	at <anonymous class>.FirefoxDriver.prototype.findElementInternal_(file:///C:/Users/Abraham/AppData/Local/Temp/anonymous7532508304595431804webdriver-profile/extensions/fxdriver@googlecode.com/components/driver-component.js:10770)
	at <anonymous class>.FirefoxDriver.prototype.findElement(file:///C:/Users/Abraham/AppData/Local/Temp/anonymous7532508304595431804webdriver-profile/extensions/fxdriver@googlecode.com/components/driver-component.js:10779)
	at <anonymous class>.DelayedCommand.prototype.executeInternal_/h(file:///C:/Users/Abraham/AppData/Local/Temp/anonymous7532508304595431804webdriver-profile/extensions/fxdriver@googlecode.com/components/command-processor.js:12661)
	at <anonymous class>.DelayedCommand.prototype.executeInternal_(file:///C:/Users/Abraham/AppData/Local/Temp/anonymous7532508304595431804webdriver-profile/extensions/fxdriver@googlecode.com/components/command-processor.js:12666)
	at <anonymous class>.DelayedCommand.prototype.execute/<(file:///C:/Users/Abraham/AppData/Local/Temp/anonymous7532508304595431804webdriver-profile/extensions/fxdriver@googlecode.com/components/command-processor.js:12608)

testInvalidPass(test.java.practiceWeek2_1.LoginTests)  Time elapsed: 20.49 sec  <<< FAILURE!
org.openqa.selenium.TimeoutException: Timed out after 20 seconds waiting for visibility of Proxy element for: DefaultElementLocator 'By.cssSelector: .s-login-login > input'
Build info: version: '2.53.0', revision: '35ae25b1534ae328c771e0856c93e187490ca824', time: '2016-03-15 10:43:46'
System info: host: 'DESKTOP-KTO6IU8', ip: '192.168.1.6', os.name: 'Windows 10', os.arch: 'amd64', os.version: '10.0', java.version: '1.8.0_111'
Driver info: org.openqa.selenium.firefox.FirefoxDriver
Capabilities [{applicationCacheEnabled=true, rotatable=false, handlesAlerts=true, databaseEnabled=true, version=45.0.2, platform=WINDOWS, nativeEvents=false, acceptSslCerts=true, webStorageEnabled=true, locationContextEnabled=true, browserName=firefox, takesScreenshot=true, javascriptEnabled=true, cssSelectorsEnabled=true}]
Session ID: a13bb49e-a023-4dd3-9c17-e1337f6fba90
	at <anonymous class>.FirefoxDriver.prototype.findElementInternal_(file:///C:/Users/Abraham/AppData/Local/Temp/anonymous7532508304595431804webdriver-profile/extensions/fxdriver@googlecode.com/components/driver-component.js:10770)
	at <anonymous class>.FirefoxDriver.prototype.findElement(file:///C:/Users/Abraham/AppData/Local/Temp/anonymous7532508304595431804webdriver-profile/extensions/fxdriver@googlecode.com/components/driver-component.js:10779)
	at <anonymous class>.DelayedCommand.prototype.executeInternal_/h(file:///C:/Users/Abraham/AppData/Local/Temp/anonymous7532508304595431804webdriver-profile/extensions/fxdriver@googlecode.com/components/command-processor.js:12661)
	at <anonymous class>.DelayedCommand.prototype.executeInternal_(file:///C:/Users/Abraham/AppData/Local/Temp/anonymous7532508304595431804webdriver-profile/extensions/fxdriver@googlecode.com/components/command-processor.js:12666)
	at <anonymous class>.DelayedCommand.prototype.execute/<(file:///C:/Users/Abraham/AppData/Local/Temp/anonymous7532508304595431804webdriver-profile/extensions/fxdriver@googlecode.com/components/command-processor.js:12608)

testBlankValue(test.java.practiceWeek2_1.LoginTests)  Time elapsed: 22.5 sec  <<< FAILURE!
org.openqa.selenium.TimeoutException: Timed out after 20 seconds waiting for visibility of Proxy element for: DefaultElementLocator 'By.cssSelector: .s-login-login > input'
Build info: version: '2.53.0', revision: '35ae25b1534ae328c771e0856c93e187490ca824', time: '2016-03-15 10:43:46'
System info: host: 'DESKTOP-KTO6IU8', ip: '192.168.1.6', os.name: 'Windows 10', os.arch: 'amd64', os.version: '10.0', java.version: '1.8.0_111'
Driver info: org.openqa.selenium.firefox.FirefoxDriver
Capabilities [{applicationCacheEnabled=true, rotatable=false, handlesAlerts=true, databaseEnabled=true, version=45.0.2, platform=WINDOWS, nativeEvents=false, acceptSslCerts=true, webStorageEnabled=true, locationContextEnabled=true, browserName=firefox, takesScreenshot=true, javascriptEnabled=true, cssSelectorsEnabled=true}]
Session ID: a13bb49e-a023-4dd3-9c17-e1337f6fba90
	at <anonymous class>.FirefoxDriver.prototype.findElementInternal_(file:///C:/Users/Abraham/AppData/Local/Temp/anonymous7532508304595431804webdriver-profile/extensions/fxdriver@googlecode.com/components/driver-component.js:10770)
	at <anonymous class>.FirefoxDriver.prototype.findElement(file:///C:/Users/Abraham/AppData/Local/Temp/anonymous7532508304595431804webdriver-profile/extensions/fxdriver@googlecode.com/components/driver-component.js:10779)
	at <anonymous class>.DelayedCommand.prototype.executeInternal_/h(file:///C:/Users/Abraham/AppData/Local/Temp/anonymous7532508304595431804webdriver-profile/extensions/fxdriver@googlecode.com/components/command-processor.js:12661)
	at <anonymous class>.DelayedCommand.prototype.executeInternal_(file:///C:/Users/Abraham/AppData/Local/Temp/anonymous7532508304595431804webdriver-profile/extensions/fxdriver@googlecode.com/components/command-processor.js:12666)
	at <anonymous class>.DelayedCommand.prototype.execute/<(file:///C:/Users/Abraham/AppData/Local/Temp/anonymous7532508304595431804webdriver-profile/extensions/fxdriver@googlecode.com/components/command-processor.js:12608)

testValidAccount(test.java.practiceWeek2_1.LoginTests)  Time elapsed: 20.541 sec  <<< FAILURE!
org.openqa.selenium.TimeoutException: Timed out after 20 seconds waiting for visibility of Proxy element for: DefaultElementLocator 'By.cssSelector: .s-login-login > input'
Build info: version: '2.53.0', revision: '35ae25b1534ae328c771e0856c93e187490ca824', time: '2016-03-15 10:43:46'
System info: host: 'DESKTOP-KTO6IU8', ip: '192.168.1.6', os.name: 'Windows 10', os.arch: 'amd64', os.version: '10.0', java.version: '1.8.0_111'
Driver info: org.openqa.selenium.firefox.FirefoxDriver
Capabilities [{applicationCacheEnabled=true, rotatable=false, handlesAlerts=true, databaseEnabled=true, version=45.0.2, platform=WINDOWS, nativeEvents=false, acceptSslCerts=true, webStorageEnabled=true, locationContextEnabled=true, browserName=firefox, takesScreenshot=true, javascriptEnabled=true, cssSelectorsEnabled=true}]
Session ID: a13bb49e-a023-4dd3-9c17-e1337f6fba90
	at <anonymous class>.FirefoxDriver.prototype.findElementInternal_(file:///C:/Users/Abraham/AppData/Local/Temp/anonymous7532508304595431804webdriver-profile/extensions/fxdriver@googlecode.com/components/driver-component.js:10770)
	at <anonymous class>.FirefoxDriver.prototype.findElement(file:///C:/Users/Abraham/AppData/Local/Temp/anonymous7532508304595431804webdriver-profile/extensions/fxdriver@googlecode.com/components/driver-component.js:10779)
	at <anonymous class>.DelayedCommand.prototype.executeInternal_/h(file:///C:/Users/Abraham/AppData/Local/Temp/anonymous7532508304595431804webdriver-profile/extensions/fxdriver@googlecode.com/components/command-processor.js:12661)
	at <anonymous class>.DelayedCommand.prototype.executeInternal_(file:///C:/Users/Abraham/AppData/Local/Temp/anonymous7532508304595431804webdriver-profile/extensions/fxdriver@googlecode.com/components/command-processor.js:12666)
	at <anonymous class>.DelayedCommand.prototype.execute/<(file:///C:/Users/Abraham/AppData/Local/Temp/anonymous7532508304595431804webdriver-profile/extensions/fxdriver@googlecode.com/components/command-processor.js:12608)

